<?xml version="1.0" encoding="UTF-8"?>
<!-- Generated by org.testng.reporters.JUnitXMLReporter -->
<testsuite hostname="anamuls-mbp.lan" ignored="2" name="Surefire test" tests="1" failures="0" timestamp="15 Jan 2019 18:16:30 GMT" time="3.792" errors="0">
  <testcase name="test1" time="0.0" classname="extendreport.ExtendReportsPractice"/>
  <testcase name="test3" time="0.0" classname="extendreport.ExtendReportsPractice">
    <ignored/>
  </testcase> <!-- test3 -->
  <testcase name="test2" time="0.0" classname="extendreport.ExtendReportsPractice">
    <ignored/>
  </testcase> <!-- test2 -->
</testsuite> <!-- Surefire test -->
