<?xml version="1.0" encoding="UTF-8"?>
<testng-results skipped="0" failed="0" ignored="2" total="3" passed="1">
  <reporter-output>
  </reporter-output>
  <suite name="Surefire suite" duration-ms="3792" started-at="2019-01-15T18:16:26Z" finished-at="2019-01-15T18:16:30Z">
    <groups>
    </groups>
    <test name="Surefire test" duration-ms="3792" started-at="2019-01-15T18:16:26Z" finished-at="2019-01-15T18:16:30Z">
      <class name="extendreport.ExtendReportsPractice">
        <test-method status="PASS" signature="openBrowser()[pri:0, instance:extendreport.ExtendReportsPractice@1324409e]" name="openBrowser" is-config="true" duration-ms="3779" started-at="2019-01-15T13:16:26Z" finished-at="2019-01-15T13:16:30Z">
          <reporter-output>
          </reporter-output>
        </test-method> <!-- openBrowser -->
        <test-method status="PASS" signature="test1()[pri:0, instance:extendreport.ExtendReportsPractice@1324409e]" name="test1" duration-ms="0" started-at="2019-01-15T13:16:30Z" finished-at="2019-01-15T13:16:30Z">
          <reporter-output>
          </reporter-output>
        </test-method> <!-- test1 -->
      </class> <!-- extendreport.ExtendReportsPractice -->
    </test> <!-- Surefire test -->
  </suite> <!-- Surefire suite -->
</testng-results>
